[0.017s] Invoking command in '/home/gfave/maze_ws/build/mazesim': CMAKE_PREFIX_PATH=${CMAKE_PREFIX_PATH}:/opt/ros/humble /usr/bin/cmake --build /home/gfave/maze_ws/build/mazesim -- -j8 -l8
[0.049s] -- Found ament_cmake: 1.3.10 (/opt/ros/humble/share/ament_cmake/cmake)
[0.247s] -- Found rclcpp: 16.0.10 (/opt/ros/humble/share/rclcpp/cmake)
[0.292s] -- Found rosidl_generator_c: 3.1.5 (/opt/ros/humble/share/rosidl_generator_c/cmake)
[0.296s] -- Found rosidl_adapter: 3.1.5 (/opt/ros/humble/share/rosidl_adapter/cmake)
[0.302s] -- Found rosidl_generator_cpp: 3.1.5 (/opt/ros/humble/share/rosidl_generator_cpp/cmake)
[0.316s] -- Using all available rosidl_typesupport_c: rosidl_typesupport_fastrtps_c;rosidl_typesupport_introspection_c
[0.333s] -- Using all available rosidl_typesupport_cpp: rosidl_typesupport_fastrtps_cpp;rosidl_typesupport_introspection_cpp
[0.377s] -- Found rmw_implementation_cmake: 6.1.2 (/opt/ros/humble/share/rmw_implementation_cmake/cmake)
[0.379s] -- Found rmw_fastrtps_cpp: 6.2.7 (/opt/ros/humble/share/rmw_fastrtps_cpp/cmake)
[0.503s] -- Using RMW implementation 'rmw_fastrtps_cpp' as default
[0.578s] -- Found geometry_msgs: 4.2.4 (/opt/ros/humble/share/geometry_msgs/cmake)
[0.595s] -- Found nav_msgs: 4.2.4 (/opt/ros/humble/share/nav_msgs/cmake)
[0.617s] -- Found tf2_ros: 0.25.7 (/opt/ros/humble/share/tf2_ros/cmake)
[0.731s] -- Found example_interfaces: 0.9.3 (/opt/ros/humble/share/example_interfaces/cmake)
[0.753s] -- Found ament_lint_auto: 0.12.11 (/opt/ros/humble/share/ament_lint_auto/cmake)
[0.848s] -- Added test 'cppcheck' to perform static code analysis on C / C++ code
[0.849s] -- Configured cppcheck include dirs: $<BUILD_INTERFACE:/home/gfave/maze_ws/src/mazesim/include>
[0.849s] -- Configured cppcheck exclude dirs and/or files: 
[0.849s] -- Added test 'flake8' to check Python code syntax and style conventions
[0.850s] -- Added test 'lint_cmake' to check CMake code style
[0.850s] -- Added test 'pep257' to check Python code against some of the docstring style conventions in PEP 257
[0.852s] -- Added test 'uncrustify' to check C / C++ code style
[0.852s] -- Configured uncrustify additional arguments: 
[0.852s] -- Added test 'xmllint' to check XML markup files
[0.854s] -- Configuring done
[0.881s] -- Generating done
[0.883s] -- Build files have been written to: /home/gfave/maze_ws/build/mazesim
[0.920s] [35m[1mConsolidate compiler generated dependencies of target test_room_config[0m
[0.922s] [35m[1mConsolidate compiler generated dependencies of target robot_controller[0m
[0.934s] [ 16%] [32mBuilding CXX object CMakeFiles/verify_positions.dir/src/verify_positions.cpp.o[0m
[0.937s] [ 50%] Built target robot_controller
[0.938s] [ 66%] [32mBuilding CXX object CMakeFiles/test_room_config.dir/src/test_room_config.cpp.o[0m
[1.099s] [01m[K/home/gfave/maze_ws/src/mazesim/src/test_room_config.cpp:3:10:[m[K [01;31m[Kfatal error: [m[Kmazesim/room_config.hpp: No such file or directory
[1.099s]     3 | #include [01;31m[K"mazesim/room_config.hpp"[m[K
[1.099s]       |          [01;31m[K^~~~~~~~~~~~~~~~~~~~~~~~~[m[K
[1.099s] compilation terminated.
[1.101s] gmake[2]: *** [CMakeFiles/test_room_config.dir/build.make:76: CMakeFiles/test_room_config.dir/src/test_room_config.cpp.o] Error 1
[1.102s] gmake[1]: *** [CMakeFiles/Makefile2:167: CMakeFiles/test_room_config.dir/all] Error 2
[1.102s] gmake[1]: *** Waiting for unfinished jobs....
[1.816s] [ 83%] [32m[1mLinking CXX executable verify_positions[0m
[2.028s] [ 83%] Built target verify_positions
[2.030s] gmake: *** [Makefile:146: all] Error 2
[2.033s] Invoked command in '/home/gfave/maze_ws/build/mazesim' returned '2': CMAKE_PREFIX_PATH=${CMAKE_PREFIX_PATH}:/opt/ros/humble /usr/bin/cmake --build /home/gfave/maze_ws/build/mazesim -- -j8 -l8
