[0.010s] Invoking command in '/home/gfave/maze_ws/build/mazesim': CMAKE_PREFIX_PATH=${CMAKE_PREFIX_PATH}:/opt/ros/humble /usr/bin/cmake --build /home/gfave/maze_ws/build/mazesim -- -j8 -l8
[0.052s] [35m[1mConsolidate compiler generated dependencies of target nav2_command_translator[0m
[0.068s] [ 12%] [32mBuilding CXX object CMakeFiles/nav2_command_translator.dir/src/nav2_command_translator.cpp.o[0m
[2.966s] [01m[K/home/gfave/maze_ws/src/mazesim/src/nav2_command_translator.cpp:[m[K In member function â€˜[01m[Kvoid Nav2CommandTranslator::feedbackCallback(rclcpp_action::ClientGoalHandle<nav2_msgs::action::NavigateToPose>::SharedPtr, std::shared_ptr<const nav2_msgs::action::NavigateToPose_Feedback_<std::allocator<void> > >)[m[Kâ€™:
[2.966s] [01m[K/home/gfave/maze_ws/src/mazesim/src/nav2_command_translator.cpp:142:63:[m[K [01;35m[Kwarning: [m[Kunused parameter â€˜[01m[Kfeedback[m[Kâ€™ [[01;35m[K]8;;https://gcc.gnu.org/onlinedocs/gcc/Warning-Options.html#index-Wunused-parameter-Wunused-parameter]8;;[m[K]
[2.966s]   142 |         [01;35m[Kconst std::shared_ptr<const NavigateToPose::Feedback> feedback[m[K)
[2.966s]       |         [01;35m[K~~~~~~~~~~~~~~~~~~~~~~~~~~~~~~~~~~~~~~~~~~~~~~~~~~~~~~^~~~~~~~[m[K
[10.664s] [ 25%] [32m[1mLinking CXX executable nav2_command_translator[0m
[11.223s] [ 25%] Built target nav2_command_translator
[11.234s] [35m[1mConsolidate compiler generated dependencies of target verify_positions[0m
[11.245s] [ 37%] [32mBuilding CXX object CMakeFiles/verify_positions.dir/src/verify_positions.cpp.o[0m
[11.947s] [ 50%] [32m[1mLinking CXX executable verify_positions[0m
[12.064s] [ 50%] Built target verify_positions
[12.077s] [35m[1mConsolidate compiler generated dependencies of target nav2_command_bridge[0m
[12.093s] [ 62%] [32mBuilding CXX object CMakeFiles/nav2_command_bridge.dir/src/nav2_command_bridge.cpp.o[0m
[25.484s] [ 75%] [32m[1mLinking CXX executable nav2_command_bridge[0m
[26.095s] [ 75%] Built target nav2_command_bridge
[26.107s] [35m[1mConsolidate compiler generated dependencies of target robot_controller[0m
[26.123s] [ 87%] [32mBuilding CXX object CMakeFiles/robot_controller.dir/src/robot_controller.cpp.o[0m
[26.218s] gmake[2]: *** [CMakeFiles/robot_controller.dir/build.make:76: CMakeFiles/robot_controller.dir/src/robot_controller.cpp.o] Interrupt
[26.218s] gmake[1]: *** [CMakeFiles/Makefile2:169: CMakeFiles/robot_controller.dir/all] Interrupt
[26.219s] gmake: *** [Makefile:146: all] Interrupt
[26.220s] Invoked command in '/home/gfave/maze_ws/build/mazesim' returned '-2': CMAKE_PREFIX_PATH=${CMAKE_PREFIX_PATH}:/opt/ros/humble /usr/bin/cmake --build /home/gfave/maze_ws/build/mazesim -- -j8 -l8
