[0.094s] Invoking command in '/home/gfave/maze_ws/build/mazesim': CMAKE_PREFIX_PATH=${CMAKE_PREFIX_PATH}:/opt/ros/humble /usr/bin/cmake --build /home/gfave/maze_ws/build/mazesim -- -j8 -l8
[0.378s] [35m[1mConsolidate compiler generated dependencies of target nav2_command_translator[0m
[0.569s] [ 12%] [32mBuilding CXX object CMakeFiles/nav2_command_translator.dir/src/nav2_command_translator.cpp.o[0m
[19.709s] [01m[K/home/gfave/maze_ws/src/mazesim/src/nav2_command_translator.cpp:[m[K In member function â€˜[01m[Kvoid Nav2CommandTranslator::feedbackCallback(rclcpp_action::ClientGoalHandle<nav2_msgs::action::NavigateToPose>::SharedPtr, std::shared_ptr<const nav2_msgs::action::NavigateToPose_Feedback_<std::allocator<void> > >)[m[Kâ€™:
[19.709s] [01m[K/home/gfave/maze_ws/src/mazesim/src/nav2_command_translator.cpp:142:63:[m[K [01;35m[Kwarning: [m[Kunused parameter â€˜[01m[Kfeedback[m[Kâ€™ [[01;35m[K]8;;https://gcc.gnu.org/onlinedocs/gcc/Warning-Options.html#index-Wunused-parameter-Wunused-parameter]8;;[m[K]
[19.709s]   142 |         [01;35m[Kconst std::shared_ptr<const NavigateToPose::Feedback> feedback[m[K)
[19.709s]       |         [01;35m[K~~~~~~~~~~~~~~~~~~~~~~~~~~~~~~~~~~~~~~~~~~~~~~~~~~~~~~^~~~~~~~[m[K
[68.563s] [ 25%] [32m[1mLinking CXX executable nav2_command_translator[0m
[72.481s] [ 25%] Built target nav2_command_translator
[72.543s] [35m[1mConsolidate compiler generated dependencies of target verify_positions[0m
[72.603s] [ 37%] [32mBuilding CXX object CMakeFiles/verify_positions.dir/src/verify_positions.cpp.o[0m
[77.833s] [ 50%] [32m[1mLinking CXX executable verify_positions[0m
[78.526s] [ 50%] Built target verify_positions
[78.595s] [35m[1mConsolidate compiler generated dependencies of target nav2_command_bridge[0m
[78.706s] [ 62%] [32mBuilding CXX object CMakeFiles/nav2_command_bridge.dir/src/nav2_command_bridge.cpp.o[0m
[146.470s] [ 75%] [32m[1mLinking CXX executable nav2_command_bridge[0m
[149.834s] [ 75%] Built target nav2_command_bridge
[149.922s] [35m[1mConsolidate compiler generated dependencies of target robot_controller[0m
[149.999s] [ 87%] [32mBuilding CXX object CMakeFiles/robot_controller.dir/src/robot_controller.cpp.o[0m
[150.609s] gmake[2]: *** [CMakeFiles/robot_controller.dir/build.make:76: CMakeFiles/robot_controller.dir/src/robot_controller.cpp.o] Interrupt
[150.659s] gmake[1]: *** [CMakeFiles/Makefile2:169: CMakeFiles/robot_controller.dir/all] Interrupt
[150.686s] gmake: *** [Makefile:146: all] Interrupt
[150.770s] Invoked command in '/home/gfave/maze_ws/build/mazesim' returned '-2': CMAKE_PREFIX_PATH=${CMAKE_PREFIX_PATH}:/opt/ros/humble /usr/bin/cmake --build /home/gfave/maze_ws/build/mazesim -- -j8 -l8
