[0.137s] Invoking command in '/home/gfave/maze_ws/build/mazesim': CMAKE_PREFIX_PATH=${CMAKE_PREFIX_PATH}:/opt/ros/humble /usr/bin/cmake --build /home/gfave/maze_ws/build/mazesim -- -j8 -l8
[0.477s] [35m[1mConsolidate compiler generated dependencies of target verify_positions[0m
[0.486s] [35m[1mConsolidate compiler generated dependencies of target nav2_command_translator[0m
[0.489s] [35m[1mConsolidate compiler generated dependencies of target nav2_command_bridge[0m
[0.495s] [35m[1mConsolidate compiler generated dependencies of target robot_controller[0m
[0.544s] [ 12%] [32mBuilding CXX object CMakeFiles/verify_positions.dir/src/verify_positions.cpp.o[0m
[0.597s] [ 37%] [32mBuilding CXX object CMakeFiles/nav2_command_bridge.dir/src/nav2_command_bridge.cpp.o[0m
[0.598s] [ 37%] [32mBuilding CXX object CMakeFiles/robot_controller.dir/src/robot_controller.cpp.o[0m
[0.622s] [ 50%] [32mBuilding CXX object CMakeFiles/nav2_command_translator.dir/src/nav2_command_translator.cpp.o[0m
[6.593s] [ 62%] [32m[1mLinking CXX executable verify_positions[0m
[7.676s] [ 62%] Built target verify_positions
[21.426s] [01m[K/home/gfave/maze_ws/src/mazesim/src/nav2_command_translator.cpp:[m[K In member function â€˜[01m[Kvoid Nav2CommandTranslator::feedbackCallback(rclcpp_action::ClientGoalHandle<nav2_msgs::action::NavigateToPose>::SharedPtr, std::shared_ptr<const nav2_msgs::action::NavigateToPose_Feedback_<std::allocator<void> > >)[m[Kâ€™:
[21.427s] [01m[K/home/gfave/maze_ws/src/mazesim/src/nav2_command_translator.cpp:142:63:[m[K [01;35m[Kwarning: [m[Kunused parameter â€˜[01m[Kfeedback[m[Kâ€™ [[01;35m[K]8;;https://gcc.gnu.org/onlinedocs/gcc/Warning-Options.html#index-Wunused-parameter-Wunused-parameter]8;;[m[K]
[21.431s]   142 |        [01;35m[Kconst std::shared_ptr<const NavigateToPose::Feedback> feedback[m[K)
[21.432s]       |        [01;35m[K~~~~~~~~~~~~~~~~~~~~~~~~~~~~~~~~~~~~~~~~~~~~~~~~~~~~~~^~~~~~~~[m[K
[21.433s] 
[69.115s] [ 75%] [32m[1mLinking CXX executable nav2_command_bridge[0m
[69.614s] [ 87%] [32m[1mLinking CXX executable nav2_command_translator[0m
[73.968s] [ 87%] Built target nav2_command_translator
[74.208s] [ 87%] Built target nav2_command_bridge
[107.335s] [100%] [32m[1mLinking CXX executable robot_controller[0m
[111.152s] gmake[2]: *** Deleting file 'robot_controller'
[111.154s] gmake[2]: *** [CMakeFiles/robot_controller.dir/build.make:221: robot_controller] Interrupt
[111.155s] gmake[1]: *** [CMakeFiles/Makefile2:169: CMakeFiles/robot_controller.dir/all] Interrupt
[111.156s] gmake: *** [Makefile:146: all] Interrupt
[111.168s] Invoked command in '/home/gfave/maze_ws/build/mazesim' returned '-2': CMAKE_PREFIX_PATH=${CMAKE_PREFIX_PATH}:/opt/ros/humble /usr/bin/cmake --build /home/gfave/maze_ws/build/mazesim -- -j8 -l8
