[35m[1mConsolidate compiler generated dependencies of target nav2_command_translator[0m
[ 12%] [32mBuilding CXX object CMakeFiles/nav2_command_translator.dir/src/nav2_command_translator.cpp.o[0m
[01m[K/home/gfave/maze_ws/src/mazesim/src/nav2_command_translator.cpp:[m[K In member function â€˜[01m[Kvoid Nav2CommandTranslator::feedbackCallback(rclcpp_action::ClientGoalHandle<nav2_msgs::action::NavigateToPose>::SharedPtr, std::shared_ptr<const nav2_msgs::action::NavigateToPose_Feedback_<std::allocator<void> > >)[m[Kâ€™:
[01m[K/home/gfave/maze_ws/src/mazesim/src/nav2_command_translator.cpp:142:63:[m[K [01;35m[Kwarning: [m[Kunused parameter â€˜[01m[Kfeedback[m[Kâ€™ [[01;35m[K]8;;https://gcc.gnu.org/onlinedocs/gcc/Warning-Options.html#index-Wunused-parameter-Wunused-parameter]8;;[m[K]
  142 |         [01;35m[Kconst std::shared_ptr<const NavigateToPose::Feedback> feedback[m[K)
      |         [01;35m[K~~~~~~~~~~~~~~~~~~~~~~~~~~~~~~~~~~~~~~~~~~~~~~~~~~~~~~^~~~~~~~[m[K
[ 25%] [32m[1mLinking CXX executable nav2_command_translator[0m
[ 25%] Built target nav2_command_translator
[35m[1mConsolidate compiler generated dependencies of target verify_positions[0m
[ 37%] [32mBuilding CXX object CMakeFiles/verify_positions.dir/src/verify_positions.cpp.o[0m
[ 50%] [32m[1mLinking CXX executable verify_positions[0m
[ 50%] Built target verify_positions
[35m[1mConsolidate compiler generated dependencies of target nav2_command_bridge[0m
[35m[1mConsolidate compiler generated dependencies of target robot_controller[0m
[ 62%] [32mBuilding CXX object CMakeFiles/robot_controller.dir/src/robot_controller.cpp.o[0m
[ 75%] [32mBuilding CXX object CMakeFiles/nav2_command_bridge.dir/src/nav2_command_bridge.cpp.o[0m
gmake[2]: *** wait: No child processes.  Stop.
gmake[2]: *** wait: No child processes.  Stop.
gmake[2]: *** Waiting for unfinished jobs....
gmake[2]: *** Waiting for unfinished jobs....
gmake[2]: *** wait: No child processes.  Stop.
gmake[2]: *** wait: No child processes.  Stop.
gmake[1]: *** [CMakeFiles/Makefile2:169: CMakeFiles/robot_controller.dir/all] Error 2
gmake[1]: *** [CMakeFiles/Makefile2:195: CMakeFiles/nav2_command_bridge.dir/all] Error 2
gmake: *** [Makefile:146: all] Interrupt
