[0.000000] (-) TimerEvent: {}
[0.000700] (mazesim) JobQueued: {'identifier': 'mazesim', 'dependencies': OrderedDict()}
[0.000737] (mazesim) JobStarted: {'identifier': 'mazesim'}
[0.015614] (mazesim) JobProgress: {'identifier': 'mazesim', 'progress': 'cmake'}
[0.016331] (mazesim) JobProgress: {'identifier': 'mazesim', 'progress': 'build'}
[0.017064] (mazesim) Command: {'cmd': ['/usr/bin/cmake', '--build', '/home/gfave/maze_ws/build/mazesim', '--', '-j8', '-l8'], 'cwd': '/home/gfave/maze_ws/build/mazesim', 'env': OrderedDict([('LESSOPEN', '| /usr/bin/lesspipe %s'), ('USER', 'gfave'), ('LC_TIME', 'fr_FR.UTF-8'), ('XDG_SESSION_TYPE', 'wayland'), ('SHLVL', '1'), ('LD_LIBRARY_PATH', '/usr/lib/x86_64-linux-gnu/gazebo-11/plugins:/opt/ros/humble/opt/rviz_ogre_vendor/lib:/opt/ros/humble/lib/x86_64-linux-gnu:/opt/ros/humble/lib'), ('HOME', '/home/gfave'), ('OLDPWD', '/home/gfave/maze_ws/src/mazesim'), ('DESKTOP_SESSION', 'ubuntu'), ('ROS_PYTHON_VERSION', '3'), ('GNOME_SHELL_SESSION_MODE', 'ubuntu'), ('GTK_MODULES', 'gail:atk-bridge'), ('LC_MONETARY', 'fr_FR.UTF-8'), ('SYSTEMD_EXEC_PID', '29947'), ('DBUS_SESSION_BUS_ADDRESS', 'unix:path=/run/user/1000/bus'), ('COLORTERM', 'truecolor'), ('IM_CONFIG_PHASE', '1'), ('WAYLAND_DISPLAY', 'wayland-0'), ('COLCON_PREFIX_PATH', '/home/gfave/maze_ws/install:/home/gfave/sim_mid/install'), ('ROS_DISTRO', 'humble'), ('LOGNAME', 'gfave'), ('_', '/usr/bin/colcon'), ('ROS_VERSION', '2'), ('XDG_SESSION_CLASS', 'user'), ('USERNAME', 'gfave'), ('TERM', 'xterm-256color'), ('GNOME_DESKTOP_SESSION_ID', 'this-is-deprecated'), ('ROS_LOCALHOST_ONLY', '0'), ('PATH', '/opt/ros/humble/bin:/home/gfave/.local/bin:/usr/local/sbin:/usr/local/bin:/usr/sbin:/usr/bin:/sbin:/bin:/usr/games:/usr/local/games:/snap/bin:/snap/bin'), ('SESSION_MANAGER', 'local/gfave-HP-ProBook-430-G7:@/tmp/.ICE-unix/2181,unix/gfave-HP-ProBook-430-G7:/tmp/.ICE-unix/2181'), ('XDG_MENU_PREFIX', 'gnome-'), ('LC_ADDRESS', 'fr_FR.UTF-8'), ('GNOME_TERMINAL_SCREEN', '/org/gnome/Terminal/screen/18946494_8990_4800_9e79_115344b070ac'), ('GNOME_SETUP_DISPLAY', ':1'), ('XDG_RUNTIME_DIR', '/run/user/1000'), ('DISPLAY', ':0'), ('LANG', 'en_US.UTF-8'), ('XDG_CURRENT_DESKTOP', 'ubuntu:GNOME'), ('LC_TELEPHONE', 'fr_FR.UTF-8'), ('XMODIFIERS', '@im=ibus'), ('XDG_SESSION_DESKTOP', 'ubuntu'), ('XAUTHORITY', '/run/user/1000/.mutter-Xwaylandauth.RURMF3'), ('LS_COLORS', 'rs=0:di=01;34:ln=01;36:mh=00:pi=40;33:so=01;35:do=01;35:bd=40;33;01:cd=40;33;01:or=40;31;01:mi=00:su=37;41:sg=30;43:ca=30;41:tw=30;42:ow=34;42:st=37;44:ex=01;32:*.tar=01;31:*.tgz=01;31:*.arc=01;31:*.arj=01;31:*.taz=01;31:*.lha=01;31:*.lz4=01;31:*.lzh=01;31:*.lzma=01;31:*.tlz=01;31:*.txz=01;31:*.tzo=01;31:*.t7z=01;31:*.zip=01;31:*.z=01;31:*.dz=01;31:*.gz=01;31:*.lrz=01;31:*.lz=01;31:*.lzo=01;31:*.xz=01;31:*.zst=01;31:*.tzst=01;31:*.bz2=01;31:*.bz=01;31:*.tbz=01;31:*.tbz2=01;31:*.tz=01;31:*.deb=01;31:*.rpm=01;31:*.jar=01;31:*.war=01;31:*.ear=01;31:*.sar=01;31:*.rar=01;31:*.alz=01;31:*.ace=01;31:*.zoo=01;31:*.cpio=01;31:*.7z=01;31:*.rz=01;31:*.cab=01;31:*.wim=01;31:*.swm=01;31:*.dwm=01;31:*.esd=01;31:*.jpg=01;35:*.jpeg=01;35:*.mjpg=01;35:*.mjpeg=01;35:*.gif=01;35:*.bmp=01;35:*.pbm=01;35:*.pgm=01;35:*.ppm=01;35:*.tga=01;35:*.xbm=01;35:*.xpm=01;35:*.tif=01;35:*.tiff=01;35:*.png=01;35:*.svg=01;35:*.svgz=01;35:*.mng=01;35:*.pcx=01;35:*.mov=01;35:*.mpg=01;35:*.mpeg=01;35:*.m2v=01;35:*.mkv=01;35:*.webm=01;35:*.webp=01;35:*.ogm=01;35:*.mp4=01;35:*.m4v=01;35:*.mp4v=01;35:*.vob=01;35:*.qt=01;35:*.nuv=01;35:*.wmv=01;35:*.asf=01;35:*.rm=01;35:*.rmvb=01;35:*.flc=01;35:*.avi=01;35:*.fli=01;35:*.flv=01;35:*.gl=01;35:*.dl=01;35:*.xcf=01;35:*.xwd=01;35:*.yuv=01;35:*.cgm=01;35:*.emf=01;35:*.ogv=01;35:*.ogx=01;35:*.aac=00;36:*.au=00;36:*.flac=00;36:*.m4a=00;36:*.mid=00;36:*.midi=00;36:*.mka=00;36:*.mp3=00;36:*.mpc=00;36:*.ogg=00;36:*.ra=00;36:*.wav=00;36:*.oga=00;36:*.opus=00;36:*.spx=00;36:*.xspf=00;36:'), ('GNOME_TERMINAL_SERVICE', ':1.242'), ('SSH_AGENT_LAUNCHER', 'gnome-keyring'), ('SSH_AUTH_SOCK', '/run/user/1000/keyring/ssh'), ('AMENT_PREFIX_PATH', '/home/gfave/maze_ws/install/mazesim:/home/gfave/sim_mid/install/my_robot_controller:/home/gfave/sim_mid/install/examples:/opt/ros/humble'), ('SHELL', '/bin/bash'), ('LC_NAME', 'fr_FR.UTF-8'), ('QT_ACCESSIBILITY', '1'), ('GDMSESSION', 'ubuntu'), ('LESSCLOSE', '/usr/bin/lesspipe %s %s'), ('LC_MEASUREMENT', 'fr_FR.UTF-8'), ('LC_IDENTIFICATION', 'fr_FR.UTF-8'), ('QT_IM_MODULE', 'ibus'), ('PWD', '/home/gfave/maze_ws/build/mazesim'), ('LC_ALL', 'en_US.UTF-8'), ('XDG_CONFIG_DIRS', '/etc/xdg/xdg-ubuntu:/etc/xdg'), ('XDG_DATA_DIRS', '/usr/share/ubuntu:/usr/local/share/:/usr/share/:/var/lib/snapd/desktop'), ('PYTHONPATH', '/opt/ros/humble/lib/python3.10/site-packages:/opt/ros/humble/local/lib/python3.10/dist-packages'), ('LC_NUMERIC', 'fr_FR.UTF-8'), ('LC_PAPER', 'fr_FR.UTF-8'), ('COLCON', '1'), ('VTE_VERSION', '6800'), ('CMAKE_PREFIX_PATH', '/home/gfave/maze_ws/install/mazesim:/home/gfave/sim_mid/install/my_robot_controller:/home/gfave/sim_mid/install/examples:/opt/ros/humble')]), 'shell': False}
[0.049924] (mazesim) StdoutLine: {'line': b'-- Found ament_cmake: 1.3.10 (/opt/ros/humble/share/ament_cmake/cmake)\n'}
[0.099988] (-) TimerEvent: {}
[0.200220] (-) TimerEvent: {}
[0.247230] (mazesim) StdoutLine: {'line': b'-- Found rclcpp: 16.0.10 (/opt/ros/humble/share/rclcpp/cmake)\n'}
[0.293011] (mazesim) StdoutLine: {'line': b'-- Found rosidl_generator_c: 3.1.5 (/opt/ros/humble/share/rosidl_generator_c/cmake)\n'}
[0.296357] (mazesim) StdoutLine: {'line': b'-- Found rosidl_adapter: 3.1.5 (/opt/ros/humble/share/rosidl_adapter/cmake)\n'}
[0.300326] (-) TimerEvent: {}
[0.302820] (mazesim) StdoutLine: {'line': b'-- Found rosidl_generator_cpp: 3.1.5 (/opt/ros/humble/share/rosidl_generator_cpp/cmake)\n'}
[0.317000] (mazesim) StdoutLine: {'line': b'-- Using all available rosidl_typesupport_c: rosidl_typesupport_fastrtps_c;rosidl_typesupport_introspection_c\n'}
[0.333987] (mazesim) StdoutLine: {'line': b'-- Using all available rosidl_typesupport_cpp: rosidl_typesupport_fastrtps_cpp;rosidl_typesupport_introspection_cpp\n'}
[0.377939] (mazesim) StdoutLine: {'line': b'-- Found rmw_implementation_cmake: 6.1.2 (/opt/ros/humble/share/rmw_implementation_cmake/cmake)\n'}
[0.379357] (mazesim) StdoutLine: {'line': b'-- Found rmw_fastrtps_cpp: 6.2.7 (/opt/ros/humble/share/rmw_fastrtps_cpp/cmake)\n'}
[0.400459] (-) TimerEvent: {}
[0.500790] (-) TimerEvent: {}
[0.503199] (mazesim) StdoutLine: {'line': b"-- Using RMW implementation 'rmw_fastrtps_cpp' as default\n"}
[0.578349] (mazesim) StdoutLine: {'line': b'-- Found geometry_msgs: 4.2.4 (/opt/ros/humble/share/geometry_msgs/cmake)\n'}
[0.595648] (mazesim) StdoutLine: {'line': b'-- Found nav_msgs: 4.2.4 (/opt/ros/humble/share/nav_msgs/cmake)\n'}
[0.600836] (-) TimerEvent: {}
[0.617271] (mazesim) StdoutLine: {'line': b'-- Found tf2_ros: 0.25.7 (/opt/ros/humble/share/tf2_ros/cmake)\n'}
[0.701127] (-) TimerEvent: {}
[0.731467] (mazesim) StdoutLine: {'line': b'-- Found example_interfaces: 0.9.3 (/opt/ros/humble/share/example_interfaces/cmake)\n'}
[0.753931] (mazesim) StdoutLine: {'line': b'-- Found ament_lint_auto: 0.12.11 (/opt/ros/humble/share/ament_lint_auto/cmake)\n'}
[0.801224] (-) TimerEvent: {}
[0.849046] (mazesim) StdoutLine: {'line': b"-- Added test 'cppcheck' to perform static code analysis on C / C++ code\n"}
[0.849295] (mazesim) StdoutLine: {'line': b'-- Configured cppcheck include dirs: $<BUILD_INTERFACE:/home/gfave/maze_ws/src/mazesim/include>\n'}
[0.849401] (mazesim) StdoutLine: {'line': b'-- Configured cppcheck exclude dirs and/or files: \n'}
[0.850094] (mazesim) StdoutLine: {'line': b"-- Added test 'flake8' to check Python code syntax and style conventions\n"}
[0.850350] (mazesim) StdoutLine: {'line': b"-- Added test 'lint_cmake' to check CMake code style\n"}
[0.850753] (mazesim) StdoutLine: {'line': b"-- Added test 'pep257' to check Python code against some of the docstring style conventions in PEP 257\n"}
[0.852189] (mazesim) StdoutLine: {'line': b"-- Added test 'uncrustify' to check C / C++ code style\n"}
[0.852374] (mazesim) StdoutLine: {'line': b'-- Configured uncrustify additional arguments: \n'}
[0.852941] (mazesim) StdoutLine: {'line': b"-- Added test 'xmllint' to check XML markup files\n"}
[0.854875] (mazesim) StdoutLine: {'line': b'-- Configuring done\n'}
[0.881542] (mazesim) StdoutLine: {'line': b'-- Generating done\n'}
[0.883480] (mazesim) StdoutLine: {'line': b'-- Build files have been written to: /home/gfave/maze_ws/build/mazesim\n'}
[0.901353] (-) TimerEvent: {}
[0.920912] (mazesim) StdoutLine: {'line': b'\x1b[35m\x1b[1mConsolidate compiler generated dependencies of target test_room_config\x1b[0m\n'}
[0.922658] (mazesim) StdoutLine: {'line': b'\x1b[35m\x1b[1mConsolidate compiler generated dependencies of target robot_controller\x1b[0m\n'}
[0.934151] (mazesim) StdoutLine: {'line': b'[ 16%] \x1b[32mBuilding CXX object CMakeFiles/verify_positions.dir/src/verify_positions.cpp.o\x1b[0m\n'}
[0.937596] (mazesim) StdoutLine: {'line': b'[ 50%] Built target robot_controller\n'}
[0.938232] (mazesim) StdoutLine: {'line': b'[ 66%] \x1b[32mBuilding CXX object CMakeFiles/test_room_config.dir/src/test_room_config.cpp.o\x1b[0m\n'}
[1.001578] (-) TimerEvent: {}
[1.099860] (mazesim) StderrLine: {'line': b'\x1b[01m\x1b[K/home/gfave/maze_ws/src/mazesim/src/test_room_config.cpp:3:10:\x1b[m\x1b[K \x1b[01;31m\x1b[Kfatal error: \x1b[m\x1b[Kmazesim/room_config.hpp: No such file or directory\n'}
[1.100054] (mazesim) StderrLine: {'line': b'    3 | #include \x1b[01;31m\x1b[K"mazesim/room_config.hpp"\x1b[m\x1b[K\n'}
[1.100130] (mazesim) StderrLine: {'line': b'      |          \x1b[01;31m\x1b[K^~~~~~~~~~~~~~~~~~~~~~~~~\x1b[m\x1b[K\n'}
[1.100193] (mazesim) StderrLine: {'line': b'compilation terminated.\n'}
[1.101638] (mazesim) StderrLine: {'line': b'gmake[2]: *** [CMakeFiles/test_room_config.dir/build.make:76: CMakeFiles/test_room_config.dir/src/test_room_config.cpp.o] Error 1\n'}
[1.102044] (-) TimerEvent: {}
[1.102229] (mazesim) StderrLine: {'line': b'gmake[1]: *** [CMakeFiles/Makefile2:167: CMakeFiles/test_room_config.dir/all] Error 2\n'}
[1.102443] (mazesim) StderrLine: {'line': b'gmake[1]: *** Waiting for unfinished jobs....\n'}
[1.202183] (-) TimerEvent: {}
[1.302625] (-) TimerEvent: {}
[1.402989] (-) TimerEvent: {}
[1.503334] (-) TimerEvent: {}
[1.603872] (-) TimerEvent: {}
[1.704580] (-) TimerEvent: {}
[1.805050] (-) TimerEvent: {}
[1.816553] (mazesim) StdoutLine: {'line': b'[ 83%] \x1b[32m\x1b[1mLinking CXX executable verify_positions\x1b[0m\n'}
[1.905147] (-) TimerEvent: {}
[2.005566] (-) TimerEvent: {}
[2.028945] (mazesim) StdoutLine: {'line': b'[ 83%] Built target verify_positions\n'}
[2.030874] (mazesim) StderrLine: {'line': b'gmake: *** [Makefile:146: all] Error 2\n'}
[2.033722] (mazesim) CommandEnded: {'returncode': 2}
[2.099726] (mazesim) JobEnded: {'identifier': 'mazesim', 'rc': 2}
[2.105698] (-) TimerEvent: {}
[2.110685] (-) EventReactorShutdown: {}
